[debug] [2025-12-11T14:20:16.775Z] ----------------------------------------------------------------------
[debug] [2025-12-11T14:20:16.777Z] Command:       /opt/homebrew/Cellar/node/23.7.0/bin/node /opt/homebrew/bin/firebase init hosting
[debug] [2025-12-11T14:20:16.777Z] CLI Version:   15.0.0
[debug] [2025-12-11T14:20:16.777Z] Platform:      darwin
[debug] [2025-12-11T14:20:16.777Z] Node Version:  v23.7.0
[debug] [2025-12-11T14:20:16.777Z] Time:          Thu Dec 11 2025 15:20:16 GMT+0100 (Central European Standard Time)
[debug] [2025-12-11T14:20:16.777Z] ----------------------------------------------------------------------
[debug] 
[debug] [2025-12-11T14:20:16.778Z] >>> [apiv2][query] GET https://firebase-public.firebaseio.com/cli.json [none]
[info] 
     ######## #### ########  ######## ########     ###     ######  ########
     ##        ##  ##     ## ##       ##     ##  ##   ##  ##       ##
     ######    ##  ########  ######   ########  #########  ######  ######
     ##        ##  ##    ##  ##       ##     ## ##     ##       ## ##
     ##       #### ##     ## ######## ########  ##     ##  ######  ########

You're about to initialize a Firebase project in this directory:

  /Users/mathysfornasier/Desktop/WINTER_MATE/upload_exo

[info] 
=== Project Setup
[info] 
[info] First, let's associate this project directory with a Firebase project.
[info] You can create multiple project aliases by running firebase use --add, 
[info] 
[debug] [2025-12-11T14:20:17.983Z] <<< [apiv2][status] GET https://firebase-public.firebaseio.com/cli.json 200
[debug] [2025-12-11T14:20:17.983Z] <<< [apiv2][body] GET https://firebase-public.firebaseio.com/cli.json {"cloudBuildErrorAfter":1594252800000,"cloudBuildWarnAfter":1590019200000,"defaultNode10After":1594252800000,"minVersion":"3.0.5","node8DeploysDisabledAfter":1613390400000,"node8RuntimeDisabledAfter":1615809600000,"node8WarnAfter":1600128000000}
[debug] [2025-12-11T14:20:38.928Z] > command requires scopes: ["email","openid","https://www.googleapis.com/auth/cloudplatformprojects.readonly","https://www.googleapis.com/auth/firebase","https://www.googleapis.com/auth/cloud-platform"]
[debug] [2025-12-11T14:20:38.928Z] > authorizing via signed-in user (fornasiermathys@gmail.com)
[debug] [2025-12-11T14:20:38.930Z] Checked if tokens are valid: false, expires at: 1765391211115
[debug] [2025-12-11T14:20:38.931Z] Checked if tokens are valid: false, expires at: 1765391211115
[debug] [2025-12-11T14:20:38.931Z] > refreshing access token with scopes: []
[debug] [2025-12-11T14:20:38.932Z] >>> [apiv2][query] POST https://www.googleapis.com/oauth2/v3/token [none]
[debug] [2025-12-11T14:20:38.933Z] >>> [apiv2][body] POST https://www.googleapis.com/oauth2/v3/token [omitted]
[debug] [2025-12-11T14:20:39.074Z] <<< [apiv2][status] POST https://www.googleapis.com/oauth2/v3/token 200
[debug] [2025-12-11T14:20:39.074Z] <<< [apiv2][body] POST https://www.googleapis.com/oauth2/v3/token [omitted]
[debug] [2025-12-11T14:20:39.089Z] >>> [apiv2][query] GET https://firebase.googleapis.com/v1beta1/projects pageSize=100
[debug] [2025-12-11T14:20:39.597Z] <<< [apiv2][status] GET https://firebase.googleapis.com/v1beta1/projects 200
[debug] [2025-12-11T14:20:39.597Z] <<< [apiv2][body] GET https://firebase.googleapis.com/v1beta1/projects [omitted]
[info] 
=== Hosting Setup
[debug] [2025-12-11T14:20:45.394Z] Checked if tokens are valid: true, expires at: 1765466438074
[debug] [2025-12-11T14:20:45.394Z] Checked if tokens are valid: true, expires at: 1765466438074
[debug] [2025-12-11T14:20:45.394Z] >>> [apiv2][query] GET https://firebase.googleapis.com/v1beta1/projects/winteracademynew [none]
[debug] [2025-12-11T14:20:45.652Z] <<< [apiv2][status] GET https://firebase.googleapis.com/v1beta1/projects/winteracademynew 200
[debug] [2025-12-11T14:20:45.652Z] <<< [apiv2][body] GET https://firebase.googleapis.com/v1beta1/projects/winteracademynew {"projectId":"winteracademynew","projectNumber":"445092743058","displayName":"WinterAcademyNew","name":"projects/winteracademynew","resources":{"hostingSite":"winteracademynew"},"state":"ACTIVE","etag":"1_deb2ae85-bc5f-433e-8977-ca9dc7a04a37"}
[info] 
[info] Your public directory is the folder (relative to your project directory) that
[info] will contain Hosting assets to be uploaded with firebase deploy. If you
[info] have a build process for your assets, use your build's output directory.
[info] 
